TN:
SF:/home/oneiros/projects/grups/src/bin/main.rs
FN:13,run
FN:54,main
FNF:2
FNDA:0,run
FNDA:0,main
DA:13,0
DA:14,0
DA:15,0
DA:17,0
DA:19,0
DA:20,0
DA:21,0
DA:22,0
DA:25,0
DA:27,0
DA:29,0
DA:31,0
DA:33,0
DA:34,0
DA:35,0
DA:36,0
DA:39,0
DA:42,0
DA:45,0
DA:46,0
DA:49,0
DA:54,0
DA:56,0
DA:58,0
DA:60,0
DA:63,0
DA:65,0
DA:66,0
DA:67,0
LF:29
LH:0
end_of_record
TN:
SF:/home/oneiros/projects/grups/src/genome/src/chromosome.rs
FN:10,new
FN:16,eq
FN:23,partial_cmp
FN:29,cmp
FN:38,get_two_chromosome
FN:45,chromosome_name_equality
FN:51,chromosome_name_inequality
FN:57,chromosome_name_lge
FN:65,chromosome_name_lgt
FNF:9
FNDA:9,new
FNDA:2,eq
FNDA:2,partial_cmp
FNDA:2,cmp
FNDA:4,get_two_chromosome
FNDA:3,chromosome_name_equality
FNDA:3,chromosome_name_inequality
FNDA:3,chromosome_name_lge
FNDA:3,chromosome_name_lgt
DA:10,9
DA:16,2
DA:17,2
DA:23,2
DA:24,2
DA:29,2
DA:30,2
DA:38,4
DA:39,4
DA:40,4
DA:41,4
DA:45,3
DA:46,1
DA:47,1
DA:51,3
DA:52,1
DA:53,1
DA:57,3
DA:58,1
DA:59,1
DA:60,2
DA:65,3
DA:66,1
DA:67,1
DA:68,2
LF:25
LH:25
end_of_record
TN:
SF:/home/oneiros/projects/grups/src/genome/src/genetic_map/genetic_map.rs
FN:21,deref
FN:27,deref_mut
FN:33,from_dir
FN:40,from_map
FN:64,fetch_genetic_maps
FN:67,{closure#0}
FN:69,{closure#0}
FN:72,{closure#1}
FN:78,compute_recombination_prob
FNF:9
FNDA:0,deref
FNDA:0,deref_mut
FNDA:0,from_dir
FNDA:0,from_map
FNDA:0,fetch_genetic_maps
FNDA:0,{closure#0}
FNDA:0,{closure#0}
FNDA:0,{closure#1}
FNDA:0,compute_recombination_prob
DA:21,0
DA:27,0
DA:33,0
DA:34,0
DA:35,0
DA:36,0
DA:38,0
DA:40,0
DA:41,0
DA:42,0
DA:44,0
DA:45,0
DA:46,0
DA:47,0
DA:49,0
DA:50,0
DA:51,0
DA:53,0
DA:54,0
DA:55,0
DA:56,0
DA:58,0
DA:59,0
DA:61,0
DA:64,0
DA:65,0
DA:66,0
DA:67,0
DA:69,0
DA:70,0
DA:72,0
DA:75,0
DA:78,0
DA:79,0
DA:80,0
DA:81,0
DA:82,0
DA:84,0
LF:38
LH:0
end_of_record
TN:
SF:/home/oneiros/projects/grups/src/genome/src/genetic_map/recomb_range.rs
FN:16,new
FN:21,prob
FN:25,rate
FN:31,eq
FN:37,eq
FN:51,borrow
FN:65,prob
FN:75,prob_to_rate
FN:84,recomb_equality
FN:94,recomb_partial_equality
FN:107,recomb_inequality
FN:114,range_equality
FN:125,range_inequality
FN:142,borrow_range
FNF:14
FNDA:1,new
FNDA:1,prob
FNDA:1,rate
FNDA:1,eq
FNDA:1,eq
FNDA:1,borrow
FNDA:3,prob
FNDA:3,prob_to_rate
FNDA:3,recomb_equality
FNDA:3,recomb_partial_equality
FNDA:3,recomb_inequality
FNDA:3,range_equality
FNDA:3,range_inequality
FNDA:3,borrow_range
DA:16,1
DA:17,2
DA:18,3
DA:21,1
DA:25,1
DA:26,1
DA:31,1
DA:32,1
DA:37,1
DA:38,1
DA:45,1
DA:46,1
DA:51,1
DA:52,1
DA:65,3
DA:66,2
DA:67,1
DA:68,1
DA:69,1
DA:70,1
DA:75,3
DA:76,2
DA:77,1
DA:78,1
DA:79,1
DA:84,3
DA:85,2
DA:86,1
DA:87,1
DA:88,1
DA:89,1
DA:94,3
DA:96,2
DA:97,1
DA:98,1
DA:100,1
DA:101,1
DA:102,1
DA:107,3
DA:108,1
DA:109,1
DA:110,1
DA:114,3
DA:115,1
DA:116,3
DA:117,1
DA:118,2
DA:119,1
DA:120,1
DA:125,3
DA:126,1
DA:127,3
DA:128,1
DA:129,2
DA:130,1
DA:131,2
DA:133,2
DA:134,2
DA:136,2
DA:137,2
DA:142,3
DA:143,1
DA:144,1
DA:145,3
DA:146,1
DA:147,2
DA:148,1
DA:151,3
DA:152,1
DA:153,2
LF:70
LH:70
end_of_record
TN:
SF:/home/oneiros/projects/grups/src/genome/src/genome.rs
FN:24,fmt
FN:41,deref
FN:47,deref_mut
FN:53,new
FN:57,from
FN:69,from_fasta_index
FN:115,add_chromosome
FN:119,get_chr_mut
FN:126,default
FNF:9
FNDA:0,fmt
FNDA:3,deref
FNDA:0,deref_mut
FNDA:0,new
FNDA:1,from
FNDA:0,from_fasta_index
FNDA:1,add_chromosome
FNDA:0,get_chr_mut
FNDA:6,default
DA:24,0
DA:25,0
DA:26,0
DA:27,0
DA:28,0
DA:41,3
DA:47,0
DA:53,0
DA:54,0
DA:57,1
DA:58,1
DA:59,3
DA:60,1
DA:69,0
DA:71,0
DA:73,0
DA:74,0
DA:75,0
DA:76,0
DA:77,0
DA:78,0
DA:79,0
DA:82,0
DA:85,0
DA:86,0
DA:87,0
DA:88,0
DA:91,0
DA:92,0
DA:93,0
DA:94,0
DA:95,0
DA:96,0
DA:97,0
DA:98,0
DA:99,0
DA:100,0
DA:102,0
DA:103,0
DA:105,0
DA:109,0
DA:110,0
DA:112,0
DA:115,1
DA:116,1
DA:119,0
DA:120,0
DA:126,6
DA:127,10
DA:128,4
DA:129,8
DA:130,6
DA:131,4
DA:132,6
DA:133,4
DA:134,6
DA:135,4
DA:136,6
DA:137,4
DA:138,6
DA:139,4
DA:140,6
DA:141,4
DA:142,6
DA:143,4
DA:144,6
DA:145,4
DA:146,6
DA:147,4
DA:148,6
DA:149,4
DA:150,6
LF:72
LH:32
end_of_record
TN:
SF:/home/oneiros/projects/grups/src/genome/src/jackknife/jackknife_block.rs
FN:32,new
FN:38,add_pwd
FN:43,add_count
FN:49,fmt
FN:66,eq
FN:72,eq
FN:92,increment_pwd_count
FN:100,increment_site_count
FN:108,display
FN:122,snpcoord_equality
FN:131,snpcoord_inequality
FN:141,block_equality
FN:149,block_inequality
FN:174,hash_block
FNF:14
FNDA:4,new
FNDA:1,add_pwd
FNDA:1,add_count
FNDA:1,fmt
FNDA:2,eq
FNDA:1,eq
FNDA:3,increment_pwd_count
FNDA:3,increment_site_count
FNDA:3,display
FNDA:3,snpcoord_equality
FNDA:3,snpcoord_inequality
FNDA:3,block_equality
FNDA:3,block_inequality
FNDA:3,hash_block
DA:32,4
DA:33,5
DA:38,1
DA:39,1
DA:43,1
DA:44,1
DA:49,1
DA:50,1
DA:66,2
DA:67,2
DA:72,1
DA:73,1
DA:80,1
DA:81,1
DA:82,1
DA:92,3
DA:93,1
DA:94,1
DA:95,1
DA:96,1
DA:100,3
DA:101,1
DA:102,1
DA:103,1
DA:104,1
DA:108,3
DA:109,1
DA:110,1
DA:118,2
DA:122,3
DA:123,1
DA:126,1
DA:127,2
DA:131,3
DA:132,1
DA:134,1
DA:135,2
DA:136,2
DA:137,2
DA:141,3
DA:143,1
DA:144,1
DA:145,1
DA:149,3
DA:151,1
DA:152,1
DA:154,1
DA:155,1
DA:156,1
DA:157,1
DA:158,1
DA:159,2
DA:160,2
DA:162,1
DA:163,1
DA:164,1
DA:166,2
DA:174,3
DA:175,1
DA:176,1
DA:177,1
DA:179,3
DA:180,1
DA:181,1
DA:182,1
DA:186,3
DA:187,1
DA:189,1
DA:190,2
DA:191,1
DA:192,1
DA:193,1
DA:194,2
DA:195,2
DA:196,1
DA:198,1
DA:199,1
DA:201,2
LF:78
LH:78
end_of_record
TN:
SF:/home/oneiros/projects/grups/src/genome/src/jackknife/jackknife_blocks.rs
FN:24,new
FN:28,{closure#0}
FN:45,find_block
FN:49,{closure#0}
FN:55,fmt
FN:56,{closure#0}
FN:57,{closure#0}
FN:58,{closure#0}
FN:73,{closure#0}
FN:80,{closure#0}
FN:87,display
FN:117,{closure#0}
FNF:12
FNDA:3,new
FNDA:6,{closure#0}
FNDA:1,find_block
FNDA:3,{closure#0}
FNDA:1,fmt
FNDA:2,{closure#0}
FNDA:2,{closure#0}
FNDA:3,{closure#0}
FNDA:3,{closure#0}
FNDA:3,{closure#0}
FNDA:3,display
FNDA:3,{closure#0}
DA:24,3
DA:25,3
DA:26,12
DA:27,3
DA:28,6
DA:29,3
DA:31,6
DA:32,9
DA:33,3
DA:35,6
DA:36,3
DA:38,6
DA:45,1
DA:46,2
DA:49,3
DA:55,1
DA:56,2
DA:57,2
DA:58,3
DA:73,3
DA:74,2
DA:75,1
DA:76,2
DA:80,3
DA:81,2
DA:82,1
DA:83,2
DA:87,3
DA:88,3
DA:89,1
DA:90,2
DA:93,1
DA:94,1
DA:97,1
DA:98,4
DA:99,1
DA:100,3
DA:101,1
DA:103,2
DA:113,2
DA:117,3
DA:118,1
DA:119,1
DA:120,1
DA:122,1
DA:124,3
DA:125,1
DA:126,1
DA:127,1
LF:49
LH:49
end_of_record
TN:
SF:/home/oneiros/projects/grups/src/genome/src/snpcoord.rs
FN:27,cmp
FN:33,partial_cmp
FN:39,eq
FN:45,eq
FN:60,fmt
FN:84,{closure#0}
FN:116,{closure#0}
FN:123,{closure#0}
FN:130,{closure#0}
FN:139,{closure#0}
FN:149,{closure#0}
FN:156,{closure#0}
FN:173,{closure#0}
FN:182,{closure#0}
FNF:14
FNDA:1,cmp
FNDA:1,partial_cmp
FNDA:1,eq
FNDA:1,eq
FNDA:1,fmt
FNDA:3,{closure#0}
FNDA:3,{closure#0}
FNDA:3,{closure#0}
FNDA:3,{closure#0}
FNDA:3,{closure#0}
FNDA:3,{closure#0}
FNDA:3,{closure#0}
FNDA:3,{closure#0}
FNDA:3,{closure#0}
DA:27,1
DA:28,1
DA:33,1
DA:34,1
DA:39,1
DA:40,1
DA:45,1
DA:46,1
DA:53,1
DA:54,1
DA:55,1
DA:60,1
DA:61,5
DA:64,1
DA:65,1
DA:66,1
DA:68,1
DA:69,1
DA:70,2
DA:84,3
DA:85,1
DA:86,1
DA:87,1
DA:89,1
DA:90,1
DA:91,1
DA:92,1
DA:93,1
DA:94,2
DA:96,1
DA:98,1
DA:99,2
DA:100,2
DA:101,1
DA:102,2
DA:103,2
DA:104,1
DA:116,3
DA:117,1
DA:118,1
DA:119,1
DA:123,3
DA:124,1
DA:125,1
DA:126,1
DA:130,3
DA:131,1
DA:134,1
DA:135,2
DA:139,3
DA:140,1
DA:142,1
DA:143,2
DA:144,2
DA:145,2
DA:149,3
DA:150,1
DA:152,1
DA:153,1
DA:154,4
DA:155,1
DA:156,3
DA:157,2
DA:158,1
DA:162,3
DA:163,1
DA:164,1
DA:165,1
DA:166,1
DA:173,3
DA:174,1
DA:176,1
DA:177,1
DA:178,3
DA:182,3
DA:183,1
DA:185,1
DA:186,1
DA:187,3
LF:79
LH:79
end_of_record
TN:
SF:/home/oneiros/projects/grups/src/logger/src/logger.rs
FN:4,init_logger
FNF:1
FNDA:0,init_logger
DA:4,0
DA:5,0
DA:6,0
DA:7,0
DA:8,0
DA:9,0
DA:10,0
DA:13,0
DA:16,0
LF:9
LH:0
end_of_record
TN:
SF:/home/oneiros/projects/grups/src/parser/src/parser.rs
FN:26,fmt
FN:372,get_file_prefix
FN:387,can_write_file
FN:404,fmt
FN:412,assert_filesystem_entity_is_valid
FN:429,valid_input_directory
FN:434,valid_input_file
FN:439,valid_output_dir
FN:450,parse_user_range<u8>
FN:500,parse_user_ranges<u8>
FNF:10
FNDA:0,fmt
FNDA:0,get_file_prefix
FNDA:0,can_write_file
FNDA:0,fmt
FNDA:0,assert_filesystem_entity_is_valid
FNDA:0,valid_input_directory
FNDA:0,valid_input_file
FNDA:0,valid_output_dir
FNDA:0,parse_user_range<u8>
FNDA:0,parse_user_ranges<u8>
DA:26,0
DA:27,0
DA:28,0
DA:29,0
DA:30,0
DA:31,0
DA:56,0
DA:57,0
DA:58,0
DA:345,0
DA:346,0
DA:347,0
DA:349,0
DA:361,0
DA:362,0
DA:363,0
DA:365,0
DA:372,0
DA:373,0
DA:374,0
DA:377,0
DA:378,0
DA:379,0
DA:380,0
DA:382,0
DA:387,0
DA:388,0
DA:389,0
DA:390,0
DA:391,0
DA:394,0
DA:404,0
DA:405,0
DA:406,0
DA:407,0
DA:412,0
DA:413,0
DA:414,0
DA:417,0
DA:418,0
DA:419,0
DA:422,0
DA:423,0
DA:426,0
DA:429,0
DA:430,0
DA:431,0
DA:434,0
DA:435,0
DA:436,0
DA:439,0
DA:440,0
DA:441,0
DA:443,0
DA:444,0
DA:450,0
DA:455,0
DA:456,0
DA:457,0
DA:461,0
DA:462,0
DA:463,0
DA:466,0
DA:467,0
DA:468,0
DA:470,0
DA:471,0
DA:474,0
DA:475,0
DA:500,0
DA:506,0
DA:511,0
DA:512,0
DA:513,0
DA:516,0
DA:517,0
DA:518,0
LF:77
LH:0
end_of_record
TN:
SF:/home/oneiros/projects/grups/src/pedigree_sims/src/contaminant.rs
FN:11,deref
FN:17,deref_mut
FN:23,new
FN:27,as_flat_list
FN:35,compute_local_cont_af
FNF:5
FNDA:0,deref
FNDA:0,deref_mut
FNDA:0,new
FNDA:0,as_flat_list
FNDA:0,compute_local_cont_af
DA:11,0
DA:17,0
DA:23,0
DA:24,0
DA:27,0
DA:28,0
DA:29,0
DA:30,0
DA:35,0
DA:36,0
DA:38,0
DA:39,0
DA:40,0
DA:41,0
DA:42,0
DA:43,0
DA:44,0
DA:45,0
DA:46,0
DA:50,0
DA:51,0
DA:53,0
LF:22
LH:0
end_of_record
TN:
SF:/home/oneiros/projects/grups/src/pedigree_sims/src/io/fst/fstreader.rs
FN:27,new
FN:34,get_set_memory
FN:43,get_set_memmap
FN:49,find_chromosomes
FN:58,find_chromosome
FN:77,contains_chr
FN:91,search_coordinate_genotypes
FN:98,{closure#0}
FN:99,{closure#0}
FN:105,{closure#0}
FN:112,search_coordinate_frequencies
FN:119,{closure#0}
FN:120,{closure#0}
FN:135,clear_buffers
FN:140,has_genotypes
FN:146,get_alleles
FN:150,get_pop_allele_frequency
FNF:17
FNDA:0,new
FNDA:0,get_set_memory
FNDA:0,get_set_memmap
FNDA:0,find_chromosomes
FNDA:0,find_chromosome
FNDA:0,contains_chr
FNDA:0,search_coordinate_genotypes
FNDA:0,{closure#0}
FNDA:0,{closure#0}
FNDA:0,{closure#0}
FNDA:0,search_coordinate_frequencies
FNDA:0,{closure#0}
FNDA:0,{closure#0}
FNDA:0,clear_buffers
FNDA:0,has_genotypes
FNDA:0,get_alleles
FNDA:0,get_pop_allele_frequency
DA:27,0
DA:28,0
DA:29,0
DA:30,0
DA:34,0
DA:35,0
DA:36,0
DA:37,0
DA:38,0
DA:39,0
DA:43,0
DA:44,0
DA:45,0
DA:46,0
DA:49,0
DA:50,0
DA:51,0
DA:52,0
DA:53,0
DA:58,0
DA:59,0
DA:60,0
DA:62,0
DA:63,0
DA:64,0
DA:65,0
DA:70,0
DA:71,0
DA:77,0
DA:78,0
DA:79,0
DA:80,0
DA:81,0
DA:82,0
DA:83,0
DA:84,0
DA:88,0
DA:91,0
DA:92,0
DA:93,0
DA:94,0
DA:98,0
DA:99,0
DA:102,0
DA:103,0
DA:104,0
DA:105,0
DA:106,0
DA:107,0
DA:108,0
DA:112,0
DA:113,0
DA:114,0
DA:115,0
DA:119,0
DA:120,0
DA:123,0
DA:124,0
DA:126,0
DA:130,0
DA:135,0
DA:136,0
DA:137,0
DA:140,0
DA:141,0
DA:146,0
DA:147,0
DA:150,0
DA:151,0
DA:152,0
DA:153,0
LF:71
LH:0
end_of_record
TN:
SF:/home/oneiros/projects/grups/src/pedigree_sims/src/io/fst/mod.rs
FN:10,match_input_frq
FN:19,get_input_fst
FN:23,{closure#0}
FN:25,{closure#0}
FN:35,{closure#1}
FNF:5
FNDA:0,match_input_frq
FNDA:0,get_input_fst
FNDA:0,{closure#0}
FNDA:0,{closure#0}
FNDA:0,{closure#1}
DA:10,0
DA:11,0
DA:12,0
DA:13,0
DA:14,0
DA:16,0
DA:19,0
DA:20,0
DA:22,0
DA:23,0
DA:25,0
DA:26,0
DA:27,0
DA:28,0
DA:31,0
DA:32,0
DA:35,0
DA:38,0
DA:39,0
DA:40,0
DA:43,0
DA:44,0
DA:47,0
DA:48,0
DA:50,0
DA:53,0
LF:26
LH:0
end_of_record
TN:
SF:/home/oneiros/projects/grups/src/pedigree_sims/src/io/pedigree/pedigree.rs
FN:10,pedigree_parser
FN:24,{closure#0}
FN:52,parse_pedline
FN:58,{closure#0}
FN:65,{closure#1}
FNF:5
FNDA:0,pedigree_parser
FNDA:0,{closure#0}
FNDA:0,parse_pedline
FNDA:0,{closure#0}
FNDA:0,{closure#1}
DA:10,0
DA:13,0
DA:14,0
DA:15,0
DA:16,0
DA:17,0
DA:18,0
DA:19,0
DA:20,0
DA:21,0
DA:24,0
DA:25,0
DA:26,0
DA:27,0
DA:28,0
DA:29,0
DA:30,0
DA:32,0
DA:33,0
DA:34,0
DA:35,0
DA:37,0
DA:38,0
DA:39,0
DA:42,0
DA:43,0
DA:44,0
DA:46,0
DA:49,0
DA:52,0
DA:54,0
DA:56,0
DA:58,0
DA:60,0
DA:62,0
DA:63,0
DA:65,0
DA:67,0
LF:38
LH:0
end_of_record
TN:
SF:/home/oneiros/projects/grups/src/pedigree_sims/src/io/vcf/mod.rs
FN:11,get_input_vcfs
FN:15,{closure#0}
FN:17,{closure#0}
FN:27,{closure#1}
FN:43,fetch_input_panel
FN:47,{closure#0}
FN:49,{closure#0}
FN:57,{closure#1}
FNF:8
FNDA:0,get_input_vcfs
FNDA:0,{closure#0}
FNDA:0,{closure#0}
FNDA:0,{closure#1}
FNDA:0,fetch_input_panel
FNDA:0,{closure#0}
FNDA:0,{closure#0}
FNDA:0,{closure#1}
DA:11,0
DA:12,0
DA:14,0
DA:15,0
DA:17,0
DA:18,0
DA:19,0
DA:20,0
DA:23,0
DA:24,0
DA:27,0
DA:30,0
DA:31,0
DA:33,0
DA:34,0
DA:36,0
DA:40,0
DA:43,0
DA:45,0
DA:46,0
DA:47,0
DA:49,0
DA:50,0
DA:51,0
DA:54,0
DA:57,0
DA:61,0
DA:63,0
DA:65,0
DA:67,0
DA:73,0
DA:74,0
LF:32
LH:0
end_of_record
TN:
SF:/home/oneiros/projects/grups/src/pedigree_sims/src/io/vcf/reader/vcfpanelreader.rs
FN:24,new
FN:32,fetch_contaminants
FN:48,random_sample
FN:61,subset_panel
FN:65,into_transposed_btreemap
FN:75,sort_panel
FN:79,parse_header
FN:93,assign_vcf_indexes
FNF:8
FNDA:0,new
FNDA:0,fetch_contaminants
FNDA:0,random_sample
FNDA:0,subset_panel
FNDA:0,into_transposed_btreemap
FNDA:0,sort_panel
FNDA:0,parse_header
FNDA:0,assign_vcf_indexes
DA:24,0
DA:25,0
DA:27,0
DA:29,0
DA:32,0
DA:33,0
DA:35,0
DA:36,0
DA:37,0
DA:39,0
DA:40,0
DA:41,0
DA:43,0
DA:48,0
DA:49,0
DA:50,0
DA:51,0
DA:52,0
DA:54,0
DA:56,0
DA:61,0
DA:62,0
DA:65,0
DA:66,0
DA:67,0
DA:68,0
DA:69,0
DA:75,0
DA:76,0
DA:79,0
DA:80,0
DA:82,0
DA:83,0
DA:84,0
DA:85,0
DA:86,0
DA:87,0
DA:90,0
DA:93,0
DA:95,0
DA:96,0
DA:98,0
DA:99,0
DA:100,0
DA:101,0
DA:102,0
DA:104,0
DA:107,0
LF:48
LH:0
end_of_record
TN:
SF:/home/oneiros/projects/grups/src/pedigree_sims/src/io/vcf/reader/vcfreader.rs
FN:27,deref
FN:33,new
FN:37,clear
FN:41,is_multiallelic
FN:45,is_snp
FN:47,{closure#0}
FN:54,get_pop_allele_frequency
FNF:7
FNDA:0,deref
FNDA:0,new
FNDA:0,clear
FNDA:0,is_multiallelic
FNDA:0,is_snp
FNDA:0,{closure#0}
FNDA:0,get_pop_allele_frequency
DA:27,0
DA:28,0
DA:33,0
DA:34,0
DA:37,0
DA:38,0
DA:41,0
DA:42,0
DA:45,0
DA:46,0
DA:47,0
DA:50,0
DA:51,0
DA:54,0
DA:55,0
DA:56,0
DA:74,0
DA:75,0
DA:76,0
DA:78,0
DA:81,0
DA:82,0
DA:83,0
DA:84,0
DA:85,0
DA:86,0
DA:89,0
DA:90,0
DA:91,0
DA:92,0
DA:95,0
DA:96,0
DA:97,0
DA:98,0
DA:99,0
DA:100,0
DA:102,0
DA:103,0
DA:106,0
DA:107,0
DA:110,0
DA:111,0
DA:114,0
DA:115,0
DA:116,0
DA:118,0
DA:119,0
DA:122,0
DA:123,0
DA:124,0
DA:125,0
DA:126,0
DA:128,0
DA:132,0
DA:133,0
DA:134,0
DA:135,0
DA:136,0
DA:138,0
DA:142,0
DA:143,0
DA:144,0
DA:145,0
DA:146,0
DA:147,0
DA:150,0
DA:151,0
DA:154,0
DA:155,0
DA:158,0
DA:159,0
DA:162,0
DA:163,0
DA:164,0
DA:165,0
DA:166,0
DA:167,0
DA:168,0
DA:170,0
DA:172,0
DA:175,0
DA:176,0
DA:177,0
DA:178,0
DA:179,0
DA:180,0
DA:181,0
DA:182,0
DA:184,0
DA:187,0
DA:192,0
DA:193,0
DA:194,0
DA:195,0
DA:196,0
DA:199,0
DA:200,0
LF:97
LH:0
end_of_record
TN:
SF:/home/oneiros/projects/grups/src/pedigree_sims/src/io/vcf/sampletag.rs
FN:8,new
FN:12,id
FN:15,idx
FN:19,set_idx
FN:25,eq
FN:33,cmp
FN:39,partial_cmp
FNF:7
FNDA:0,new
FNDA:0,id
FNDA:0,idx
FNDA:0,set_idx
FNDA:0,eq
FNDA:0,cmp
FNDA:0,partial_cmp
DA:8,0
DA:9,0
DA:12,0
DA:15,0
DA:16,0
DA:19,0
DA:20,0
DA:25,0
DA:26,0
DA:33,0
DA:34,0
DA:39,0
DA:40,0
LF:13
LH:0
end_of_record
TN:
SF:/home/oneiros/projects/grups/src/pedigree_sims/src/lib.rs
FN:52,run
FNF:1
FNDA:0,run
DA:52,0
DA:61,0
DA:62,0
DA:65,0
DA:66,0
DA:72,0
DA:73,0
DA:74,0
DA:75,0
DA:80,0
DA:81,0
DA:82,0
DA:83,0
DA:84,0
DA:85,0
DA:87,0
DA:89,0
DA:92,0
DA:93,0
DA:94,0
DA:98,0
DA:100,0
DA:103,0
DA:104,0
DA:105,0
DA:106,0
DA:109,0
DA:114,0
DA:115,0
DA:118,0
DA:121,0
DA:123,0
DA:124,0
DA:125,0
DA:126,0
DA:127,0
DA:128,0
DA:134,0
DA:135,0
DA:136,0
DA:137,0
DA:138,0
DA:146,0
DA:150,0
DA:151,0
DA:153,0
LF:46
LH:0
end_of_record
TN:
SF:/home/oneiros/projects/grups/src/pedigree_sims/src/main.rs
FN:2,main
FNF:1
FNDA:0,main
DA:2,0
DA:3,0
LF:2
LH:0
end_of_record
TN:
SF:/home/oneiros/projects/grups/src/pedigree_sims/src/pedigree.rs
FN:54,fmt
FN:68,eq
FN:82,borrow
FN:88,cmp
FN:94,partial_cmp
FN:102,new
FN:107,set_alleles
FN:111,get_alleles
FN:115,meiosis
FN:126,assign_strands
FN:138,get_tag
FN:142,set_parents
FN:146,is_founder
FN:150,set_tag
FN:154,format_parents
FN:158,clear_alleles
FN:162,assign_alleles
FN:205,new
FN:213,deref
FN:219,fmt
FN:239,new
FN:244,add_pwd
FN:248,add_overlap
FN:252,get_avg_pwd
FN:256,format_pair
FN:260,compare_alleles
FN:270,simulate_observed_reads
FN:299,fmt
FN:319,deref
FN:325,deref_mut
FN:332,fmt
FN:333,{closure#0}
FN:334,{closure#0}
FN:340,new
FN:354,new
FN:358,compare_alleles
FN:368,update_founder_alleles
FN:379,compute_offspring_alleles
FN:388,set_params
FN:395,get_params
FN:399,assign_offspring_strands
FN:406,add_individual
FN:421,add_comparison
FN:429,set_relationship
FN:442,get_mutind
FN:449,get_ind
FN:457,founders_mut
FN:460,{closure#0}
FN:461,{closure#1}
FN:465,offsprings_mut
FN:468,{closure#0}
FN:469,{closure#1}
FN:474,set_tags
FN:477,{closure#0}
FN:484,clear_alleles
FN:493,default
FN:504,with_capacity
FN:508,set_contaminants
FN:514,populate
FN:524,compute_sum_simulated_pwds
FN:537,deref
FN:543,deref_mut
FN:549,fmt
FN:550,{closure#0}
FN:551,{closure#0}
FN:552,{closure#0}
FN:841,test_pedigree
FN:861,meiosis_assign_alleles_empty_strands
FN:868,meiosis_assign_alleles_filled_strands
FN:881,meiosis_check_strands_00
FN:891,meiosis_check_strands_01
FN:903,meiosis_check_recombination
FNF:72
FNDA:1,fmt
FNDA:0,eq
FNDA:0,borrow
FNDA:0,cmp
FNDA:0,partial_cmp
FNDA:3,new
FNDA:1,set_alleles
FNDA:0,get_alleles
FNDA:2,meiosis
FNDA:0,assign_strands
FNDA:0,get_tag
FNDA:0,set_parents
FNDA:0,is_founder
FNDA:0,set_tag
FNDA:1,format_parents
FNDA:0,clear_alleles
FNDA:1,assign_alleles
FNDA:1,new
FNDA:3,deref
FNDA:1,fmt
FNDA:0,new
FNDA:0,add_pwd
FNDA:0,add_overlap
FNDA:0,get_avg_pwd
FNDA:0,format_pair
FNDA:0,compare_alleles
FNDA:0,simulate_observed_reads
FNDA:0,fmt
FNDA:0,deref
FNDA:0,deref_mut
FNDA:0,fmt
FNDA:0,{closure#0}
FNDA:0,{closure#0}
FNDA:1,new
FNDA:1,new
FNDA:0,compare_alleles
FNDA:0,update_founder_alleles
FNDA:0,compute_offspring_alleles
FNDA:0,set_params
FNDA:0,get_params
FNDA:0,assign_offspring_strands
FNDA:3,add_individual
FNDA:0,add_comparison
FNDA:0,set_relationship
FNDA:1,get_mutind
FNDA:0,get_ind
FNDA:0,founders_mut
FNDA:0,{closure#0}
FNDA:0,{closure#1}
FNDA:0,offsprings_mut
FNDA:0,{closure#0}
FNDA:0,{closure#1}
FNDA:0,set_tags
FNDA:0,{closure#0}
FNDA:0,clear_alleles
FNDA:0,default
FNDA:0,with_capacity
FNDA:0,set_contaminants
FNDA:0,populate
FNDA:0,compute_sum_simulated_pwds
FNDA:0,deref
FNDA:0,deref_mut
FNDA:0,fmt
FNDA:0,{closure#0}
FNDA:0,{closure#0}
FNDA:0,{closure#0}
FNDA:3,test_pedigree
FNDA:4,meiosis_assign_alleles_empty_strands
FNDA:3,meiosis_assign_alleles_filled_strands
FNDA:3,meiosis_check_strands_00
FNDA:3,meiosis_check_strands_01
FNDA:3,meiosis_check_recombination
DA:54,1
DA:55,1
DA:56,0
DA:57,1
DA:59,1
DA:60,0
DA:61,2
DA:63,3
DA:68,0
DA:69,0
DA:76,0
DA:77,0
DA:82,0
DA:83,0
DA:88,0
DA:89,0
DA:94,0
DA:95,0
DA:102,3
DA:103,1
DA:104,3
DA:107,1
DA:108,3
DA:111,0
DA:112,0
DA:115,2
DA:116,3
DA:117,2
DA:118,1
DA:120,3
DA:121,0
DA:122,3
DA:126,0
DA:127,0
DA:128,0
DA:130,0
DA:131,0
DA:133,0
DA:134,0
DA:135,0
DA:138,0
DA:139,0
DA:142,0
DA:143,0
DA:146,0
DA:147,0
DA:150,0
DA:151,0
DA:154,1
DA:155,3
DA:158,0
DA:159,0
DA:162,1
DA:163,1
DA:164,1
DA:167,3
DA:168,0
DA:169,1
DA:170,3
DA:171,2
DA:174,4
DA:175,0
DA:179,5
DA:180,2
DA:181,2
DA:186,5
DA:187,2
DA:188,2
DA:189,4
DA:190,6
DA:191,3
DA:197,3
DA:205,1
DA:206,3
DA:213,3
DA:219,1
DA:220,3
DA:221,2
DA:222,2
DA:239,0
DA:240,0
DA:244,0
DA:245,0
DA:248,0
DA:249,0
DA:252,0
DA:253,0
DA:256,0
DA:257,0
DA:260,0
DA:261,0
DA:262,0
DA:263,0
DA:264,0
DA:265,0
DA:267,0
DA:270,0
DA:271,0
DA:272,0
DA:275,0
DA:276,0
DA:277,0
DA:278,0
DA:279,0
DA:281,0
DA:285,0
DA:286,0
DA:287,0
DA:288,0
DA:291,0
DA:299,0
DA:300,0
DA:301,0
DA:303,0
DA:304,0
DA:305,0
DA:306,0
DA:309,0
DA:319,0
DA:325,0
DA:332,0
DA:333,0
DA:334,0
DA:340,1
DA:341,3
DA:354,1
DA:355,3
DA:358,0
DA:360,0
DA:361,0
DA:362,0
DA:363,0
DA:365,0
DA:368,0
DA:369,0
DA:370,0
DA:371,0
DA:372,0
DA:373,0
DA:376,0
DA:379,0
DA:380,0
DA:381,0
DA:383,0
DA:388,0
DA:390,0
DA:391,0
DA:395,0
DA:396,0
DA:399,0
DA:400,0
DA:401,0
DA:403,0
DA:406,3
DA:408,1
DA:409,3
DA:410,1
DA:411,4
DA:412,4
DA:413,3
DA:416,1
DA:417,4
DA:418,1
DA:421,0
DA:423,0
DA:424,0
DA:425,0
DA:426,0
DA:429,0
DA:431,0
DA:432,0
DA:434,0
DA:435,0
DA:437,0
DA:438,0
DA:442,1
DA:444,10
DA:445,1
DA:449,0
DA:451,0
DA:457,0
DA:458,0
DA:460,0
DA:461,0
DA:465,0
DA:466,0
DA:468,0
DA:469,0
DA:474,0
DA:475,0
DA:477,0
DA:479,0
DA:480,0
DA:484,0
DA:485,0
DA:486,0
DA:493,0
DA:494,0
DA:504,0
DA:505,0
DA:508,0
DA:509,0
DA:510,0
DA:511,0
DA:514,0
DA:515,0
DA:516,0
DA:517,0
DA:518,0
DA:519,0
DA:521,0
DA:524,0
DA:525,0
DA:526,0
DA:527,0
DA:528,0
DA:537,0
DA:543,0
DA:549,0
DA:550,0
DA:551,0
DA:552,0
DA:575,0
DA:577,0
DA:581,0
DA:582,0
DA:586,0
DA:587,0
DA:588,0
DA:591,0
DA:593,0
DA:596,0
DA:597,0
DA:599,0
DA:600,0
DA:601,0
DA:603,0
DA:604,0
DA:605,0
DA:606,0
DA:607,0
DA:609,0
DA:612,0
DA:615,0
DA:616,0
DA:617,0
DA:618,0
DA:620,0
DA:621,0
DA:623,0
DA:624,0
DA:625,0
DA:628,0
DA:631,0
DA:635,0
DA:636,0
DA:640,0
DA:644,0
DA:646,0
DA:648,0
DA:651,0
DA:654,0
DA:657,0
DA:659,0
DA:661,0
DA:665,0
DA:668,0
DA:671,0
DA:674,0
DA:675,0
DA:679,0
DA:680,0
DA:681,0
DA:684,0
DA:687,0
DA:690,0
DA:693,0
DA:694,0
DA:695,0
DA:702,0
DA:703,0
DA:704,0
DA:707,0
DA:708,0
DA:709,0
DA:713,0
DA:714,0
DA:715,0
DA:716,0
DA:720,0
DA:723,0
DA:726,0
DA:728,0
DA:729,0
DA:730,0
DA:733,0
DA:736,0
DA:737,0
DA:741,0
DA:743,0
DA:744,0
DA:746,0
DA:748,0
DA:751,0
DA:752,0
DA:753,0
DA:757,0
DA:762,0
DA:763,0
DA:764,0
DA:765,0
DA:769,0
DA:773,0
DA:777,0
DA:779,0
DA:782,0
DA:784,0
DA:785,0
DA:786,0
DA:788,0
DA:789,0
DA:791,0
DA:793,0
DA:796,0
DA:797,0
DA:799,0
DA:800,0
DA:801,0
DA:803,0
DA:806,0
DA:807,0
DA:808,0
DA:809,0
DA:811,0
DA:812,0
DA:813,0
DA:814,0
DA:815,0
DA:816,0
DA:817,0
DA:821,0
DA:822,0
DA:824,0
DA:825,0
DA:826,0
DA:830,0
DA:831,0
DA:833,0
DA:841,3
DA:842,3
DA:843,4
DA:844,4
DA:845,5
DA:847,3
DA:848,4
DA:849,1
DA:851,3
DA:852,4
DA:853,1
DA:856,3
DA:861,4
DA:862,1
DA:863,2
DA:864,2
DA:868,3
DA:869,1
DA:870,2
DA:871,2
DA:873,1
DA:874,1
DA:876,2
DA:877,1
DA:881,3
DA:882,1
DA:884,2
DA:885,2
DA:886,1
DA:887,1
DA:891,3
DA:892,1
DA:893,2
DA:894,2
DA:896,1
DA:897,1
DA:898,2
DA:903,3
DA:904,1
DA:905,2
DA:906,2
DA:907,1
DA:908,1
DA:909,2
LF:392
LH:105
end_of_record
TN:
SF:/home/oneiros/projects/grups/src/pedigree_sims/src/pedparam.rs
FN:26,value<f64>
FN:49,new<f64>
FN:65,new
FN:75,from_user_input<f64>
FNF:4
FNDA:0,value<f64>
FNDA:0,new<f64>
FNDA:0,new
FNDA:0,from_user_input<f64>
DA:12,0
DA:13,0
DA:14,0
DA:15,0
DA:16,0
DA:26,0
DA:27,0
DA:32,0
DA:43,0
DA:44,0
DA:49,0
DA:50,0
DA:51,0
DA:65,0
DA:75,0
DA:79,0
DA:80,0
DA:81,0
DA:82,0
DA:83,0
DA:85,0
DA:89,0
DA:90,0
LF:23
LH:0
end_of_record
TN:
SF:/home/oneiros/projects/grups/src/pwd_from_stdin/src/comparison.rs
FN:25,new
FN:57,new
FN:61,get_pair_indices
FN:66,satisfiable_depth
FN:72,compare
FN:92,add_phred
FN:97,check_pwd
FN:102,get_avg_pwd
FN:107,get_avg_phred
FN:112,get_pair
FN:118,fmt
FN:135,parse
FN:161,len
FN:165,get_pairs_indices
FN:170,is_empty
FN:174,get
FN:179,get_mut
FN:183,get_pairs
FN:189,fmt
FN:191,{closure#0}
FN:200,factorial
FN:207,permutations_sample_2
FN:215,{closure#0}
FN:228,{closure#0}
FNF:24
FNDA:2,new
FNDA:2,new
FNDA:0,get_pair_indices
FNDA:0,satisfiable_depth
FNDA:0,compare
FNDA:0,add_phred
FNDA:0,check_pwd
FNDA:0,get_avg_pwd
FNDA:0,get_avg_phred
FNDA:0,get_pair
FNDA:0,fmt
FNDA:2,parse
FNDA:1,len
FNDA:0,get_pairs_indices
FNDA:0,is_empty
FNDA:0,get
FNDA:0,get_mut
FNDA:0,get_pairs
FNDA:0,fmt
FNDA:0,{closure#0}
FNDA:2,factorial
FNDA:1,permutations_sample_2
FNDA:3,{closure#0}
FNDA:3,{closure#0}
DA:25,2
DA:26,2
DA:27,0
DA:28,4
DA:57,2
DA:58,2
DA:61,0
DA:62,0
DA:66,0
DA:67,0
DA:72,0
DA:73,0
DA:74,0
DA:75,0
DA:77,0
DA:79,0
DA:81,0
DA:82,0
DA:83,0
DA:84,0
DA:85,0
DA:86,0
DA:88,0
DA:92,0
DA:93,0
DA:97,0
DA:98,0
DA:102,0
DA:103,0
DA:107,0
DA:108,0
DA:112,0
DA:113,0
DA:118,0
DA:119,0
DA:121,0
DA:122,0
DA:124,0
DA:125,0
DA:135,2
DA:143,2
DA:144,6
DA:145,2
DA:146,2
DA:147,4
DA:149,2
DA:150,6
DA:151,4
DA:152,2
DA:155,4
DA:157,2
DA:161,1
DA:162,1
DA:165,0
DA:166,0
DA:170,0
DA:171,0
DA:174,0
DA:175,0
DA:179,0
DA:180,0
DA:183,0
DA:184,0
DA:189,0
DA:190,0
DA:191,0
DA:200,2
DA:201,2
DA:202,2
DA:203,4
DA:204,0
DA:207,1
DA:209,4
DA:210,0
DA:215,3
DA:216,1
DA:217,1
DA:218,1
DA:219,1
DA:220,3
DA:221,1
DA:222,2
DA:223,1
DA:228,3
DA:229,1
DA:230,1
DA:231,1
DA:232,1
DA:233,3
DA:234,1
DA:235,2
LF:91
LH:42
end_of_record
TN:
SF:/home/oneiros/projects/grups/src/pwd_from_stdin/src/io.rs
FN:21,fmt
FN:147,write_iter<&alloc::vec::Vec<alloc::string::String, alloc::alloc::Global>, &alloc::string::String>
FN:218,can_write_file
FN:234,{closure#0}
FN:239,snp_reader_file_ext_vcf
FN:244,snp_reader_file_ext_txt
FN:250,snp_reader_file_ext_tsv
FN:256,snp_reader_file_ext_csv
FNF:8
FNDA:0,fmt
FNDA:0,write_iter<&alloc::vec::Vec<alloc::string::String, alloc::alloc::Global>, &alloc::string::String>
FNDA:0,can_write_file
FNDA:3,{closure#0}
FNDA:3,snp_reader_file_ext_vcf
FNDA:3,snp_reader_file_ext_txt
FNDA:3,snp_reader_file_ext_tsv
FNDA:3,snp_reader_file_ext_csv
DA:21,0
DA:22,0
DA:23,0
DA:24,0
DA:53,0
DA:54,0
DA:56,0
DA:57,0
DA:58,0
DA:59,0
DA:61,0
DA:62,0
DA:71,2
DA:72,2
DA:73,0
DA:75,3
DA:76,3
DA:77,3
DA:78,3
DA:79,3
DA:80,0
DA:82,1
DA:91,0
DA:92,0
DA:93,0
DA:94,0
DA:95,0
DA:96,0
DA:97,0
DA:98,0
DA:99,0
DA:100,0
DA:102,0
DA:103,0
DA:105,0
DA:111,0
DA:112,0
DA:117,0
DA:118,0
DA:121,0
DA:122,0
DA:133,0
DA:134,0
DA:135,0
DA:137,0
DA:139,0
DA:140,0
DA:147,0
DA:152,0
DA:153,0
DA:155,0
DA:163,0
DA:165,0
DA:168,0
DA:169,0
DA:170,0
DA:171,0
DA:173,0
DA:184,0
DA:186,0
DA:187,0
DA:188,0
DA:189,0
DA:190,0
DA:191,0
DA:196,0
DA:197,0
DA:198,0
DA:199,0
DA:200,0
DA:201,0
DA:203,0
DA:204,0
DA:205,0
DA:206,0
DA:207,0
DA:208,0
DA:210,0
DA:213,0
DA:218,0
DA:219,0
DA:220,0
DA:221,0
DA:222,0
DA:225,0
DA:234,3
DA:235,1
DA:236,3
DA:239,3
DA:240,1
DA:241,3
DA:244,3
DA:245,1
DA:246,3
DA:250,3
DA:251,1
DA:252,3
DA:256,3
DA:257,1
DA:258,3
LF:100
LH:23
end_of_record
TN:
SF:/home/oneiros/projects/grups/src/pwd_from_stdin/src/lib.rs
FN:25,run
FNF:1
FNDA:0,run
DA:25,0
DA:33,0
DA:34,0
DA:36,0
DA:37,0
DA:41,0
DA:42,0
DA:47,0
DA:48,0
DA:49,0
DA:50,0
DA:55,0
DA:56,0
DA:57,0
DA:58,0
DA:59,0
DA:60,0
DA:61,0
DA:62,0
DA:64,0
DA:68,0
DA:69,0
DA:70,0
DA:71,0
DA:74,0
DA:77,0
DA:78,0
DA:79,0
DA:81,0
DA:84,0
DA:85,0
DA:86,0
DA:87,0
DA:91,0
DA:92,0
DA:94,0
DA:95,0
DA:96,0
DA:100,0
DA:104,0
DA:109,0
DA:112,0
DA:113,0
DA:114,0
DA:115,0
DA:117,0
DA:121,0
DA:122,0
DA:123,0
DA:124,0
DA:126,0
DA:134,0
DA:135,0
DA:136,0
DA:137,0
DA:138,0
DA:139,0
DA:140,0
DA:142,0
DA:144,0
DA:145,0
DA:146,0
DA:147,0
DA:148,0
DA:152,0
LF:65
LH:0
end_of_record
TN:
SF:/home/oneiros/projects/grups/src/pwd_from_stdin/src/pileup.rs
FN:20,new
FN:26,get_score_ascii
FN:32,to_phred
FN:58,fmt
FN:82,new
FN:111,filter_base_quality
FN:123,filter_known_variants
FN:132,get_nucleotides
FN:142,get_scores_ascii
FN:171,update_depth
FN:203,new
FN:227,filter_base_quality
FN:235,filter_known_variants
FN:243,random_sample_self
FN:250,random_sample_pair
FN:266,create_dummy_pileup
FN:273,{closure#0}
FN:288,{closure#0}
FN:301,{closure#0}
FN:315,{closure#0}
FN:326,{closure#0}
FN:337,{closure#0}
FN:348,{closure#0}
FN:359,{closure#0}
FNF:24
FNDA:1,new
FNDA:1,get_score_ascii
FNDA:1,to_phred
FNDA:0,fmt
FNDA:1,new
FNDA:1,filter_base_quality
FNDA:2,filter_known_variants
FNDA:1,get_nucleotides
FNDA:1,get_scores_ascii
FNDA:1,update_depth
FNDA:1,new
FNDA:1,filter_base_quality
FNDA:2,filter_known_variants
FNDA:0,random_sample_self
FNDA:0,random_sample_pair
FNDA:2,create_dummy_pileup
FNDA:3,{closure#0}
FNDA:3,{closure#0}
FNDA:3,{closure#0}
FNDA:3,{closure#0}
FNDA:3,{closure#0}
FNDA:3,{closure#0}
FNDA:3,{closure#0}
FNDA:3,{closure#0}
DA:20,1
DA:21,1
DA:26,1
DA:27,1
DA:32,1
DA:33,1
DA:34,1
DA:58,0
DA:59,0
DA:60,0
DA:61,0
DA:62,0
DA:82,1
DA:84,1
DA:85,2
DA:88,1
DA:89,2
DA:92,2
DA:93,1
DA:94,1
DA:95,2
DA:96,4
DA:98,1
DA:99,0
DA:102,2
DA:103,1
DA:104,0
DA:107,1
DA:111,1
DA:112,2
DA:113,1
DA:115,1
DA:123,2
DA:124,2
DA:125,4
DA:126,2
DA:128,2
DA:132,1
DA:133,1
DA:134,3
DA:135,1
DA:142,1
DA:143,1
DA:144,3
DA:145,1
DA:159,1
DA:160,1
DA:161,2
DA:162,3
DA:164,2
DA:165,1
DA:171,1
DA:172,1
DA:203,1
DA:205,1
DA:206,2
DA:207,2
DA:208,2
DA:211,1
DA:212,4
DA:213,1
DA:214,2
DA:215,1
DA:217,1
DA:219,1
DA:220,1
DA:221,1
DA:227,1
DA:228,2
DA:229,1
DA:235,2
DA:236,4
DA:237,2
DA:243,0
DA:244,0
DA:245,0
DA:250,0
DA:251,0
DA:252,0
DA:253,0
DA:254,0
DA:266,2
DA:269,2
DA:273,3
DA:274,1
DA:275,1
DA:276,1
DA:278,1
DA:279,2
DA:280,1
DA:282,1
DA:283,1
DA:284,1
DA:288,3
DA:289,1
DA:290,1
DA:291,1
DA:293,1
DA:294,1
DA:295,2
DA:296,1
DA:297,1
DA:301,3
DA:302,1
DA:303,1
DA:304,1
DA:306,1
DA:307,1
DA:308,2
DA:309,1
DA:310,1
DA:315,3
DA:316,1
DA:317,1
DA:318,1
DA:319,1
DA:320,1
DA:321,2
DA:322,1
DA:326,3
DA:327,1
DA:328,1
DA:329,1
DA:330,1
DA:331,1
DA:332,2
DA:333,1
DA:337,3
DA:338,1
DA:339,1
DA:340,1
DA:341,1
DA:342,1
DA:343,2
DA:344,1
DA:348,3
DA:349,1
DA:350,1
DA:351,1
DA:352,1
DA:353,1
DA:354,2
DA:355,1
DA:359,3
DA:360,1
DA:361,1
DA:362,1
DA:363,1
DA:364,1
DA:365,2
DA:366,1
LF:151
LH:136
end_of_record
TN:
SF:/home/oneiros/projects/grups/src/vcf-fst/src/lib.rs
FN:231,run
FN:258,{closure#0}
FNF:2
FNDA:0,run
FNDA:0,{closure#0}
DA:37,0
DA:39,0
DA:40,0
DA:42,0
DA:43,0
DA:46,0
DA:49,0
DA:50,0
DA:51,0
DA:52,0
DA:53,0
DA:54,0
DA:55,0
DA:56,0
DA:57,0
DA:58,0
DA:59,0
DA:63,0
DA:64,0
DA:66,0
DA:67,0
DA:68,0
DA:70,0
DA:74,0
DA:75,0
DA:78,0
DA:80,0
DA:81,0
DA:82,0
DA:86,0
DA:87,0
DA:88,0
DA:89,0
DA:92,0
DA:94,0
DA:95,0
DA:96,0
DA:99,0
DA:100,0
DA:101,0
DA:103,0
DA:105,0
DA:106,0
DA:107,0
DA:111,0
DA:112,0
DA:113,0
DA:114,0
DA:116,0
DA:117,0
DA:120,0
DA:121,0
DA:124,0
DA:125,0
DA:126,0
DA:127,0
DA:130,0
DA:132,0
DA:133,0
DA:134,0
DA:135,0
DA:136,0
DA:137,0
DA:139,0
DA:142,0
DA:143,0
DA:144,0
DA:145,0
DA:148,0
DA:149,0
DA:153,0
DA:154,0
DA:156,0
DA:157,0
DA:158,0
DA:161,0
DA:162,0
DA:166,0
DA:167,0
DA:168,0
DA:169,0
DA:170,0
DA:173,0
DA:174,0
DA:175,0
DA:177,0
DA:179,0
DA:180,0
DA:182,0
DA:183,0
DA:186,0
DA:187,0
DA:190,0
DA:191,0
DA:192,0
DA:194,0
DA:197,0
DA:198,0
DA:199,0
DA:202,0
DA:203,0
DA:204,0
DA:206,0
DA:207,0
DA:210,0
DA:211,0
DA:214,0
DA:215,0
DA:216,0
DA:219,0
DA:220,0
DA:221,0
DA:224,0
DA:226,0
DA:231,0
DA:235,0
DA:236,0
DA:237,0
DA:240,0
DA:241,0
DA:244,0
DA:245,0
DA:250,0
DA:251,0
DA:256,0
DA:257,0
DA:258,0
DA:260,0
DA:265,0
DA:267,0
DA:268,0
DA:269,0
DA:271,0
DA:272,0
DA:273,0
DA:274,0
DA:275,0
DA:280,0
LF:138
LH:0
end_of_record
